Build started 21-Feb-12 2:15:47 AM.
     1>Project "C:\Users\Saad\Desktop\cube_attack\cube_attack\cube_attack.vcxproj" on node 2 (build target(s)).
     1>InitializeBuildStatus:
         Creating "Release\cube_attack.unsuccessfulbuild" because "AlwaysCreate" was specified.
       ClCompile:
         c:\Program Files (x86)\Microsoft Visual Studio 10.0\VC\bin\CL.exe /c /Zi /nologo /W3 /WX- /O2 /Oi /Oy- /GL /D _MBCS /Gm- /EHsc /MD /GS /Gy /fp:precise /Zc:wchar_t /Zc:forScope /Fo"Release\\" /Fd"Release\vc100.pdb" /Gd /TC /analyze- /errorReport:prompt "LBlock Source Code.c"
         LBlock Source Code.c
     1>LBlock Source Code.c(586): warning C4554: '^' : check operator precedence for possible error; use parentheses to clarify precedence
     1>LBlock Source Code.c(643): warning C4244: 'function' : conversion from 'time_t' to 'unsigned int', possible loss of data
     1>LBlock Source Code.c(656): warning C4244: '=' : conversion from 'time_t' to 'double', possible loss of data
     1>LBlock Source Code.c(658): warning C4996: 'getch': The POSIX name for this item is deprecated. Instead, use the ISO C++ conformant name: _getch. See online help for details.
                 c:\Program Files (x86)\Microsoft Visual Studio 10.0\VC\include\conio.h(128) : see declaration of 'getch'
       Link:
         c:\Program Files (x86)\Microsoft Visual Studio 10.0\VC\bin\link.exe /ERRORREPORT:PROMPT /OUT:"C:\Users\Saad\Desktop\cube_attack\Release\cube_attack.exe" /NOLOGO kernel32.lib user32.lib gdi32.lib winspool.lib comdlg32.lib advapi32.lib shell32.lib ole32.lib oleaut32.lib uuid.lib odbc32.lib odbccp32.lib /MANIFEST /ManifestFile:"Release\cube_attack.exe.intermediate.manifest" /MANIFESTUAC:"level='asInvoker' uiAccess='false'" /DEBUG /PDB:"C:\Users\Saad\Desktop\cube_attack\Release\cube_attack.pdb" /OPT:REF /OPT:ICF /LTCG /TLBID:1 /DYNAMICBASE /NXCOMPAT /IMPLIB:"C:\Users\Saad\Desktop\cube_attack\Release\cube_attack.lib" /MACHINE:X86 "Release\LBlock Source Code.obj"
         Generating code
         Finished generating code
         cube_attack.vcxproj -> C:\Users\Saad\Desktop\cube_attack\Release\cube_attack.exe
       Manifest:
         C:\Program Files (x86)\Microsoft SDKs\Windows\v7.0A\bin\mt.exe /nologo /verbose /outputresource:"C:\Users\Saad\Desktop\cube_attack\Release\cube_attack.exe;#1" /manifest Release\cube_attack.exe.intermediate.manifest
       FinalizeBuildStatus:
         Deleting file "Release\cube_attack.unsuccessfulbuild".
         Touching "Release\cube_attack.lastbuildstate".
     1>Done Building Project "C:\Users\Saad\Desktop\cube_attack\cube_attack\cube_attack.vcxproj" (build target(s)).

Build succeeded.

Time Elapsed 00:00:01.41
